Arguments: 
  C:\Program Files\nodejs\node.exe C:\Users\jpsoa\AppData\Roaming\npm\node_modules\yarn\bin\yarn.js init

PATH: 
  C:\ProgramData\Oracle\Java\javapath;C:\Program Files\ImageMagick-7.0.10-Q16;C:\Python38\Scripts\;C:\Python38\;C:\Program Files (x86)\Common Files\Oracle\Java\javapath;C:\WINDOWS\system32;C:\WINDOWS;C:\WINDOWS\System32\Wbem;C:\WINDOWS\System32\WindowsPowerShell\v1.0\;C:\WINDOWS\System32\OpenSSH\;C:\ProgramData\chocolatey\bin;C:\Program Files\Git\cmd;C:\Program Files\Microsoft SQL Server\Client SDK\ODBC\170\Tools\Binn\;C:\Program Files (x86)\Microsoft SQL Server\150\Tools\Binn\;C:\Program Files\Microsoft SQL Server\150\Tools\Binn\;C:\Program Files\Microsoft SQL Server\150\DTS\Binn\;D:\Development\2020\Python\pro-sc\Tesseract-OCR;C:\Program Files (x86)\Microsoft SQL Server\150\DTS\Binn\;C:\Program Files\nodejs\;C:\Users\jpsoa\AppData\Local\Programs\Python\Python38-32\Scripts\;C:\Users\jpsoa\AppData\Local\Programs\Python\Python38-32\;C:\Users\jpsoa\AppData\Local\Microsoft\WindowsApps;;C:\Users\jpsoa\AppData\Local\Programs\Microsoft VS Code\bin;C:\Users\jpsoa\AppData\Roaming\npm

Yarn version: 
  1.22.4

Node version: 
  12.9.1

Platform: 
  win32 x64

Trace: 
  Error: canceled
      at Interface.<anonymous> (C:\Users\jpsoa\AppData\Roaming\npm\node_modules\yarn\lib\cli.js:137008:13)
      at Interface.emit (events.js:209:13)
      at Interface._ttyWrite (readline.js:887:16)
      at ReadStream.onkeypress (readline.js:191:10)
      at ReadStream.emit (events.js:209:13)
      at emitKeys (internal/readline/utils.js:414:14)
      at emitKeys.next (<anonymous>)
      at ReadStream.onData (readline.js:1153:36)
      at ReadStream.emit (events.js:209:13)
      at addChunk (_stream_readable.js:305:12)

npm manifest: 
  {
      "name": "server",
      "version": "1.0.0",
      "description": "",
      "main": "index.js",
      "scripts": {
          "dev": "ts-node-dev --transpileOnly --ignore-watch node_modules src/server.ts",
          "knex:migrate": "npx knex --knexfile knexfile.ts migrate:latest",
          "knex:seed": "npx knex --knexfile knexfile.ts seed:run"
      },
      "keywords": [],
      "author": "",
      "license": "ISC",
      "dependencies": {
          "@types/mongoose": "^5.7.21",
          "bcryptjs": "^2.4.3",
          "cors": "^2.8.5",
          "express": "^4.17.1",
          "knex": "^0.21.1",
          "mongoose": "^5.9.16",
          "sqlite3": "^4.2.0"
      },
      "devDependencies": {
          "@types/cors": "^2.8.6",
          "@types/express": "^4.17.6",
          "ts-node": "^8.10.2",
          "ts-node-dev": "^1.0.0-pre.44",
          "typescript": "^3.9.3"
      }
  }

yarn manifest: 
  No manifest

Lockfile: 
  No lockfile
